<?xml version="1.0" encoding="UTF-8"?>
<!-- Generated by org.testng.reporters.JUnitReportReporter -->
<testsuite hostname="Sumaiya" name="tests.BrokenLinksGoogle" tests="2" failures="0" timestamp="10 Dec 2019 18:59:38 GMT" time="3.739" errors="0">
  <testcase name="init" time="1.901" classname="tests.BrokenLinksGoogle"/>
  <testcase name="init" time="1.838" classname="tests.BrokenLinksGoogle"/>
</testsuite> <!-- tests.BrokenLinksGoogle -->
