<?xml version="1.0" encoding="UTF-8"?>
<!-- Generated by org.testng.reporters.JUnitReportReporter -->
<testsuite hostname="Sumaiya" name="tests.NavigatingTableElements" tests="1" failures="0" timestamp="11 Dec 2019 18:49:17 GMT" time="2.482" errors="0">
  <testcase name="init" time="2.482" classname="tests.NavigatingTableElements"/>
</testsuite> <!-- tests.NavigatingTableElements -->
