<?xml version="1.0" encoding="UTF-8"?>
<!-- Generated by org.testng.reporters.JUnitReportReporter -->
<testsuite hostname="Sumaiya" name="tests.NavigatingPagesTest" tests="1" failures="0" timestamp="12 Dec 2019 18:47:06 GMT" time="55.446" errors="0">
  <testcase name="init" time="55.446" classname="tests.NavigatingPagesTest"/>
</testsuite> <!-- tests.NavigatingPagesTest -->
