<?xml version="1.0" encoding="UTF-8"?>
<!-- Generated by org.testng.reporters.JUnitReportReporter -->
<testsuite hostname="Sumaiya" name="tests.BrokenImageTest" tests="1" failures="0" timestamp="10 Dec 2019 18:52:26 GMT" time="2.286" errors="0">
  <testcase name="init" time="2.286" classname="tests.BrokenImageTest"/>
</testsuite> <!-- tests.BrokenImageTest -->
