<?xml version="1.0" encoding="UTF-8"?>
<!-- Generated by org.testng.reporters.JUnitReportReporter -->
<testsuite skipped="0" hostname="Sumaiya" name="tests.HomePageTest" tests="1" failures="0" timestamp="23 Feb 2020 07:25:53 GMT" time="16.690" errors="0">
  <testcase name="init" time="16.690" classname="tests.HomePageTest"/>
</testsuite> <!-- tests.HomePageTest -->
