<?xml version="1.0" encoding="UTF-8"?>
<!-- Generated by org.testng.reporters.JUnitReportReporter -->
<testsuite hostname="Sumaiya" name="tests.LetsKodeItTest" tests="5" failures="0" timestamp="4 Jul 2019 18:39:55 GMT" time="43.097" errors="0">
  <testcase name="init" time="25.123" classname="tests.LetsKodeItTest"/>
  <testcase name="init" time="4.131" classname="tests.LetsKodeItTest"/>
  <testcase name="init" time="4.713" classname="tests.LetsKodeItTest"/>
  <testcase name="init" time="4.345" classname="tests.LetsKodeItTest"/>
  <testcase name="init" time="4.785" classname="tests.LetsKodeItTest"/>
</testsuite> <!-- tests.LetsKodeItTest -->
